[debug] [2025-09-22T18:14:36.478Z] ----------------------------------------------------------------------
[debug] [2025-09-22T18:14:36.481Z] Command:       C:\Program Files\nodejs\node.exe C:\Users\gaura\AppData\Roaming\npm\node_modules\firebase-tools\lib\bin\firebase.js init
[debug] [2025-09-22T18:14:36.482Z] CLI Version:   14.17.0
[debug] [2025-09-22T18:14:36.482Z] Platform:      win32
[debug] [2025-09-22T18:14:36.482Z] Node Version:  v22.14.0
[debug] [2025-09-22T18:14:36.482Z] Time:          Mon Sep 22 2025 23:44:36 GMT+0530 (India Standard Time)
[debug] [2025-09-22T18:14:36.483Z] ----------------------------------------------------------------------
[debug] 
[debug] [2025-09-22T18:14:36.491Z] > command requires scopes: ["email","openid","https://www.googleapis.com/auth/cloudplatformprojects.readonly","https://www.googleapis.com/auth/firebase","https://www.googleapis.com/auth/cloud-platform"]
[debug] [2025-09-22T18:14:36.491Z] > authorizing via signed-in user (joshi700@gmail.com)
[info] 
     ######## #### ########  ######## ########     ###     ######  ########
     ##        ##  ##     ## ##       ##     ##  ##   ##  ##       ##
     ######    ##  ########  ######   ########  #########  ######  ######
     ##        ##  ##    ##  ##       ##     ## ##     ##       ## ##
     ##       #### ##     ## ######## ########  ##     ##  ######  ########

You're about to initialize a Firebase project in this directory:

  C:\Users\gaura\Downloads\HostedCheckout\HostedCheckoutFrontend\payment-app

[info] 
=== Project Setup
[info] 
[info] First, let's associate this project directory with a Firebase project.
[info] You can create multiple project aliases by running firebase use --add, 
[info] but for now we'll just set up a default project.
[info] 
[debug] [2025-09-22T18:14:56.522Z] Using project from CLI flag: frontendhco
[debug] [2025-09-22T18:14:56.524Z] Checked if tokens are valid: true, expires at: 1758567555632
[debug] [2025-09-22T18:14:56.524Z] Checked if tokens are valid: true, expires at: 1758567555632
[debug] [2025-09-22T18:14:56.526Z] >>> [apiv2][query] GET https://firebase.googleapis.com/v1beta1/projects/frontendhco [none]
[debug] [2025-09-22T18:14:57.009Z] <<< [apiv2][status] GET https://firebase.googleapis.com/v1beta1/projects/frontendhco 200
[debug] [2025-09-22T18:14:57.010Z] <<< [apiv2][body] GET https://firebase.googleapis.com/v1beta1/projects/frontendhco {"projectId":"frontendhco","projectNumber":"1008270959725","displayName":"FrontEndHCO","name":"projects/frontendhco","resources":{"hostingSite":"frontendhco"},"state":"ACTIVE","etag":"1_920b473f-9d93-46d1-881a-ae9b4addf0ac"}
[info] i  Using project frontendhco (FrontEndHCO) 
[info] 
=== App Hosting Setup
[debug] [2025-09-22T18:14:57.141Z] Checked if tokens are valid: true, expires at: 1758567555632
[debug] [2025-09-22T18:14:57.141Z] Checked if tokens are valid: true, expires at: 1758567555632
[debug] [2025-09-22T18:14:57.141Z] >>> [apiv2][query] GET https://cloudbilling.googleapis.com/v1/projects/frontendhco/billingInfo [none]
[debug] [2025-09-22T18:14:58.537Z] <<< [apiv2][status] GET https://cloudbilling.googleapis.com/v1/projects/frontendhco/billingInfo 200
[debug] [2025-09-22T18:14:58.537Z] <<< [apiv2][body] GET https://cloudbilling.googleapis.com/v1/projects/frontendhco/billingInfo {"name":"projects/frontendhco/billingInfo","projectId":"frontendhco","billingAccountName":"billingAccounts/01253E-F34681-071F15","billingEnabled":true}
[debug] [2025-09-22T18:14:58.541Z] Checked if tokens are valid: true, expires at: 1758567555632
[debug] [2025-09-22T18:14:58.541Z] Checked if tokens are valid: true, expires at: 1758567555632
[debug] [2025-09-22T18:14:58.541Z] >>> [apiv2][query] POST https://iam.googleapis.com/v1/projects/frontendhco/serviceAccounts/firebase-app-hosting-compute@frontendhco.iam.gserviceaccount.com:testIamPermissions [none]
[debug] [2025-09-22T18:14:58.541Z] >>> [apiv2][(partial)header] POST https://iam.googleapis.com/v1/projects/frontendhco/serviceAccounts/firebase-app-hosting-compute@frontendhco.iam.gserviceaccount.com:testIamPermissions x-goog-quota-user=projects/frontendhco
[debug] [2025-09-22T18:14:58.541Z] >>> [apiv2][body] POST https://iam.googleapis.com/v1/projects/frontendhco/serviceAccounts/firebase-app-hosting-compute@frontendhco.iam.gserviceaccount.com:testIamPermissions {"permissions":["iam.serviceAccounts.actAs"]}
[debug] [2025-09-22T18:15:00.273Z] <<< [apiv2][status] POST https://iam.googleapis.com/v1/projects/frontendhco/serviceAccounts/firebase-app-hosting-compute@frontendhco.iam.gserviceaccount.com:testIamPermissions 200
[debug] [2025-09-22T18:15:00.273Z] <<< [apiv2][body] POST https://iam.googleapis.com/v1/projects/frontendhco/serviceAccounts/firebase-app-hosting-compute@frontendhco.iam.gserviceaccount.com:testIamPermissions {"permissions":["iam.serviceAccounts.actAs"]}
[debug] [2025-09-22T18:15:00.274Z] Checked if tokens are valid: true, expires at: 1758567555632
[debug] [2025-09-22T18:15:00.274Z] Checked if tokens are valid: true, expires at: 1758567555632
[debug] [2025-09-22T18:15:00.275Z] >>> [apiv2][query] POST https://iam.googleapis.com/v1/projects/frontendhco/serviceAccounts [none]
[debug] [2025-09-22T18:15:00.275Z] >>> [apiv2][body] POST https://iam.googleapis.com/v1/projects/frontendhco/serviceAccounts {"accountId":"firebase-app-hosting-compute","serviceAccount":{"displayName":"Firebase App Hosting compute service account","description":"Default service account used to run builds and deploys for Firebase App Hosting"}}
[debug] [2025-09-22T18:15:00.652Z] <<< [apiv2][status] POST https://iam.googleapis.com/v1/projects/frontendhco/serviceAccounts 409
[debug] [2025-09-22T18:15:00.653Z] <<< [apiv2][body] POST https://iam.googleapis.com/v1/projects/frontendhco/serviceAccounts [omitted]
[debug] [2025-09-22T18:15:00.655Z] Checked if tokens are valid: true, expires at: 1758567555632
[debug] [2025-09-22T18:15:00.655Z] Checked if tokens are valid: true, expires at: 1758567555632
[debug] [2025-09-22T18:15:00.655Z] >>> [apiv2][query] POST https://cloudresourcemanager.googleapis.com/v1/projects/frontendhco:getIamPolicy [none]
[debug] [2025-09-22T18:15:02.160Z] <<< [apiv2][status] POST https://cloudresourcemanager.googleapis.com/v1/projects/frontendhco:getIamPolicy 200
[debug] [2025-09-22T18:15:02.161Z] <<< [apiv2][body] POST https://cloudresourcemanager.googleapis.com/v1/projects/frontendhco:getIamPolicy {"version":1,"etag":"BwY/Z8Va6TE=","bindings":[{"role":"roles/cloudbuild.builds.builder","members":["serviceAccount:1008270959725@cloudbuild.gserviceaccount.com"]},{"role":"roles/cloudbuild.serviceAgent","members":["serviceAccount:service-1008270959725@gcp-sa-cloudbuild.iam.gserviceaccount.com"]},{"role":"roles/containerregistry.ServiceAgent","members":["serviceAccount:service-1008270959725@containerregistry.iam.gserviceaccount.com"]},{"role":"roles/developerconnect.readTokenAccessor","members":["serviceAccount:firebase-app-hosting-compute@frontendhco.iam.gserviceaccount.com"]},{"role":"roles/editor","members":["serviceAccount:1008270959725-compute@developer.gserviceaccount.com"]},{"role":"roles/firebase.managementServiceAgent","members":["serviceAccount:service-1008270959725@gcp-sa-firebase.iam.gserviceaccount.com"]},{"role":"roles/firebase.sdkAdminServiceAgent","members":["serviceAccount:firebase-adminsdk-fbsvc@frontendhco.iam.gserviceaccount.com","serviceAccount:firebase-app-hosting-compute@frontendhco.iam.gserviceaccount.com"]},{"role":"roles/firebaseapphosting.computeRunner","members":["serviceAccount:firebase-app-hosting-compute@frontendhco.iam.gserviceaccount.com"]},{"role":"roles/iam.serviceAccountTokenCreator","members":["serviceAccount:firebase-adminsdk-fbsvc@frontendhco.iam.gserviceaccount.com"]},{"role":"roles/owner","members":["user:joshi700@gmail.com"]},{"role":"roles/run.serviceAgent","members":["serviceAccount:service-1008270959725@serverless-robot-prod.iam.gserviceaccount.com"]},{"role":"roles/storage.objectViewer","members":["serviceAccount:firebase-app-hosting-compute@frontendhco.iam.gserviceaccount.com"]}]}
[debug] [2025-09-22T18:15:02.162Z] Checked if tokens are valid: true, expires at: 1758567555632
[debug] [2025-09-22T18:15:02.162Z] Checked if tokens are valid: true, expires at: 1758567555632
[debug] [2025-09-22T18:15:02.162Z] >>> [apiv2][query] POST https://cloudresourcemanager.googleapis.com/v1/projects/frontendhco:setIamPolicy [none]
[debug] [2025-09-22T18:15:02.162Z] >>> [apiv2][body] POST https://cloudresourcemanager.googleapis.com/v1/projects/frontendhco:setIamPolicy {"policy":{"version":1,"etag":"BwY/Z8Va6TE=","bindings":[{"role":"roles/cloudbuild.builds.builder","members":["serviceAccount:1008270959725@cloudbuild.gserviceaccount.com"]},{"role":"roles/cloudbuild.serviceAgent","members":["serviceAccount:service-1008270959725@gcp-sa-cloudbuild.iam.gserviceaccount.com"]},{"role":"roles/containerregistry.ServiceAgent","members":["serviceAccount:service-1008270959725@containerregistry.iam.gserviceaccount.com"]},{"role":"roles/developerconnect.readTokenAccessor","members":["serviceAccount:firebase-app-hosting-compute@frontendhco.iam.gserviceaccount.com"]},{"role":"roles/editor","members":["serviceAccount:1008270959725-compute@developer.gserviceaccount.com"]},{"role":"roles/firebase.managementServiceAgent","members":["serviceAccount:service-1008270959725@gcp-sa-firebase.iam.gserviceaccount.com"]},{"role":"roles/firebase.sdkAdminServiceAgent","members":["serviceAccount:firebase-adminsdk-fbsvc@frontendhco.iam.gserviceaccount.com","serviceAccount:firebase-app-hosting-compute@frontendhco.iam.gserviceaccount.com"]},{"role":"roles/firebaseapphosting.computeRunner","members":["serviceAccount:firebase-app-hosting-compute@frontendhco.iam.gserviceaccount.com"]},{"role":"roles/iam.serviceAccountTokenCreator","members":["serviceAccount:firebase-adminsdk-fbsvc@frontendhco.iam.gserviceaccount.com"]},{"role":"roles/owner","members":["user:joshi700@gmail.com"]},{"role":"roles/run.serviceAgent","members":["serviceAccount:service-1008270959725@serverless-robot-prod.iam.gserviceaccount.com"]},{"role":"roles/storage.objectViewer","members":["serviceAccount:firebase-app-hosting-compute@frontendhco.iam.gserviceaccount.com"]}]},"updateMask":"bindings"}
[debug] [2025-09-22T18:15:03.357Z] <<< [apiv2][status] POST https://cloudresourcemanager.googleapis.com/v1/projects/frontendhco:setIamPolicy 200
[debug] [2025-09-22T18:15:03.358Z] <<< [apiv2][body] POST https://cloudresourcemanager.googleapis.com/v1/projects/frontendhco:setIamPolicy {"version":1,"etag":"BwY/Z8xKSTU=","bindings":[{"role":"roles/cloudbuild.builds.builder","members":["serviceAccount:1008270959725@cloudbuild.gserviceaccount.com"]},{"role":"roles/cloudbuild.serviceAgent","members":["serviceAccount:service-1008270959725@gcp-sa-cloudbuild.iam.gserviceaccount.com"]},{"role":"roles/containerregistry.ServiceAgent","members":["serviceAccount:service-1008270959725@containerregistry.iam.gserviceaccount.com"]},{"role":"roles/developerconnect.readTokenAccessor","members":["serviceAccount:firebase-app-hosting-compute@frontendhco.iam.gserviceaccount.com"]},{"role":"roles/editor","members":["serviceAccount:1008270959725-compute@developer.gserviceaccount.com"]},{"role":"roles/firebase.managementServiceAgent","members":["serviceAccount:service-1008270959725@gcp-sa-firebase.iam.gserviceaccount.com"]},{"role":"roles/firebase.sdkAdminServiceAgent","members":["serviceAccount:firebase-adminsdk-fbsvc@frontendhco.iam.gserviceaccount.com","serviceAccount:firebase-app-hosting-compute@frontendhco.iam.gserviceaccount.com"]},{"role":"roles/firebaseapphosting.computeRunner","members":["serviceAccount:firebase-app-hosting-compute@frontendhco.iam.gserviceaccount.com"]},{"role":"roles/iam.serviceAccountTokenCreator","members":["serviceAccount:firebase-adminsdk-fbsvc@frontendhco.iam.gserviceaccount.com"]},{"role":"roles/owner","members":["user:joshi700@gmail.com"]},{"role":"roles/run.serviceAgent","members":["serviceAccount:service-1008270959725@serverless-robot-prod.iam.gserviceaccount.com"]},{"role":"roles/storage.objectViewer","members":["serviceAccount:firebase-app-hosting-compute@frontendhco.iam.gserviceaccount.com"]}]}
[info] i  This command links your local project to Firebase App Hosting. You will be able to deploy your web app with `firebase deploy` after setup. 
[debug] [2025-09-22T18:15:20.562Z] Checked if tokens are valid: true, expires at: 1758567555632
[debug] [2025-09-22T18:15:20.562Z] Checked if tokens are valid: true, expires at: 1758567555632
[debug] [2025-09-22T18:15:20.563Z] >>> [apiv2][query] GET https://firebaseapphosting.googleapis.com/v1beta/projects/frontendhco/locations/-/backends 
[debug] [2025-09-22T18:15:25.684Z] <<< [apiv2][status] GET https://firebaseapphosting.googleapis.com/v1beta/projects/frontendhco/locations/-/backends 200
[debug] [2025-09-22T18:15:25.685Z] <<< [apiv2][body] GET https://firebaseapphosting.googleapis.com/v1beta/projects/frontendhco/locations/-/backends {}
[debug] [2025-09-22T18:15:59.285Z] ExitPromptError: User force closed the prompt with SIGINT
    at Interface.sigint (C:\Users\gaura\AppData\Roaming\npm\node_modules\firebase-tools\node_modules\@inquirer\core\dist\commonjs\lib\create-prompt.js:101:37)
    at Interface.emit (node:events:518:28)
    at Interface.emit (node:domain:489:12)
    at [_ttyWrite] [as _ttyWrite] (node:internal/readline/interface:1124:18)
    at ReadStream.onkeypress (node:internal/readline/interface:263:20)
    at ReadStream.emit (node:events:530:35)
    at ReadStream.emit (node:domain:489:12)
    at emitKeys (node:internal/readline/utils:370:14)
    at emitKeys.next (<anonymous>)
    at ReadStream.onData (node:internal/readline/emitKeypressEvents:64:36)
[error] 
[error] Error: An unexpected error has occurred.
